=N:[UVMSource] Using sources from 'C:\Program Files\Altair\DSim\2025.1\uvm\1.2'
=N:[UsageMeter (2025-12-29 18:23:07 Turkey Standard Time)] usage server initial connection
=N:[License] 
Licensed for Altair DSim Cloud.
=N:[License] New lease granted.
Analyzing...
Elaborating...
  Top-level modules:
    $unit
    tb_top
=W:[IneffectiveDynamicCast]:
    The following dynamic $cast cases will always be false    

    C:\Program Files\Altair\DSim\2025.1\uvm\1.2\src\base\uvm_callback.svh:521:9             class uvm_pkg::uvm_callbacks#(class uvm_pkg::uvm_phase,class uvm_pkg::uvm_phase_cb)    class uvm_pkg::uvm_callbacks#(class uvm_pkg::uvm_phase,class uvm_pkg::uvm_callback)    
    Included from C:\Program Files\Altair\DSim\2025.1\uvm\1.2\src\base\uvm_base.svh:76:3                                                                                                                                                                                  
    Included from C:\Program Files\Altair\DSim\2025.1\uvm\1.2\src\uvm_pkg.sv:31:3                                                                                                                                                                                         

    C:\Program Files\Altair\DSim\2025.1\uvm\1.2\src\base\uvm_callback.svh:671:12            class uvm_pkg::uvm_phase                                                               class uvm_pkg::uvm_report_object                                                       
    Included from C:\Program Files\Altair\DSim\2025.1\uvm\1.2\src\base\uvm_base.svh:76:3                                                                                                                                                                                  

    C:\Program Files\Altair\DSim\2025.1\uvm\1.2\src\base\uvm_callback.svh:731:10            class uvm_pkg::uvm_component                                                           class uvm_pkg::uvm_phase                                                               
    Included from C:\Program Files\Altair\DSim\2025.1\uvm\1.2\src\base\uvm_base.svh:76:3                                                                                                                                                                                  

    C:\Program Files\Altair\DSim\2025.1\uvm\1.2\src\base\uvm_callback.svh:808:10            class uvm_pkg::uvm_component                                                           class uvm_pkg::uvm_phase                                                               
    Included from C:\Program Files\Altair\DSim\2025.1\uvm\1.2\src\base\uvm_base.svh:76:3                                                                                                                                                                                  

  Found 6 unique specialization(s) of 6 design element(s).
Optimizing...
Building models...
PLI/VPI access: +b 
Simulation time precision is 1ns.
  [1/9] module $root: 1805 functions, 3984 basic blocks
  [3/9] CU scope $unit: 1 functions, 2 basic blocks
  [4/9] module tb_top: 7 functions, 25 basic blocks
  [7/9] package alu_pkg: 57 functions, 425 basic blocks
Linking image.so...
Using default typical min/typ/max.
=S:Begin run-time elaboration and static initialization...
UVM_INFO C:\Program Files\Altair\DSim\2025.1\uvm\1.2\src\base\uvm_root.svh(392) @ 0: reporter [UVM/RELNOTES] 
----------------------------------------------------------------
UVM-1.2
(C) 2007-2014 Mentor Graphics Corporation
(C) 2007-2014 Cadence Design Systems, Inc.
(C) 2006-2014 Synopsys, Inc.
(C) 2011-2013 Cypress Semiconductor Corp.
(C) 2013-2014 NVIDIA Corporation
----------------------------------------------------------------

  ***********       IMPORTANT RELEASE NOTES         ************

  You are using a version of the UVM library that has been compiled
  with `UVM_NO_DEPRECATED undefined.
  See http://www.eda.org/svdb/view.php?id=3313 for more details.

  You are using a version of the UVM library that has been compiled
  with `UVM_OBJECT_DO_NOT_NEED_CONSTRUCTOR undefined.
  See http://www.eda.org/svdb/view.php?id=3770 for more details.

      (Specify +UVM_NO_RELNOTES to turn off this notice)

=N:[dumpMXD] preparing MXD dump to 'waves.mxd'.
=N:[dump] Dump started at time 0
=N:Starting event scheduler...
UVM_INFO @ 0: reporter [RNTST] Running test alu_test...
UVM_INFO .\..\agent\alu_driver.svh(36) @ 15: uvm_test_top.env.agent.driver [ALU_DRIVER] driving item A = 140, B = 56, ALU_Sel=1
UVM_INFO .\..\agent\alu_driver.svh(36) @ 25: uvm_test_top.env.agent.driver [ALU_DRIVER] driving item A = 208, B = 38, ALU_Sel=13
UVM_INFO .\..\agent\alu_driver.svh(36) @ 35: uvm_test_top.env.agent.driver [ALU_DRIVER] driving item A = 14, B = 152, ALU_Sel=13
UVM_INFO .\..\agent\alu_driver.svh(36) @ 45: uvm_test_top.env.agent.driver [ALU_DRIVER] driving item A = 190, B = 156, ALU_Sel=0
UVM_INFO .\..\agent\alu_driver.svh(36) @ 55: uvm_test_top.env.agent.driver [ALU_DRIVER] driving item A = 102, B = 123, ALU_Sel=7
UVM_INFO .\..\agent\alu_driver.svh(36) @ 65: uvm_test_top.env.agent.driver [ALU_DRIVER] driving item A = 68, B = 169, ALU_Sel=3
UVM_INFO .\..\agent\alu_driver.svh(36) @ 75: uvm_test_top.env.agent.driver [ALU_DRIVER] driving item A = 178, B = 10, ALU_Sel=0
UVM_INFO .\..\agent\alu_driver.svh(36) @ 85: uvm_test_top.env.agent.driver [ALU_DRIVER] driving item A = 97, B = 135, ALU_Sel=14
UVM_INFO .\..\agent\alu_driver.svh(36) @ 95: uvm_test_top.env.agent.driver [ALU_DRIVER] driving item A = 241, B = 117, ALU_Sel=3
UVM_INFO .\..\agent\alu_driver.svh(36) @ 105: uvm_test_top.env.agent.driver [ALU_DRIVER] driving item A = 237, B = 100, ALU_Sel=0
UVM_INFO C:\Program Files\Altair\DSim\2025.1\uvm\1.2\src\base\uvm_objection.svh(1270) @ 105: reporter [TEST_DONE] 'run' phase is ready to proceed to the 'extract' phase
UVM_INFO .\..\scoreboard\alu_scoreboard.svh(52) @ 105: uvm_test_top.env.scoreboard [SCB_REPORT] total matches : 11
UVM_INFO .\..\scoreboard\alu_scoreboard.svh(53) @ 105: uvm_test_top.env.scoreboard [SCB_REPORT] total mismatches : 0
UVM_INFO .\..\scoreboard\alu_scoreboard.svh(56) @ 105: uvm_test_top.env.scoreboard [SCB_REPORT] TEST PASSED! 
UVM_INFO C:\Program Files\Altair\DSim\2025.1\uvm\1.2\src\base\uvm_report_server.svh(847) @ 105: reporter [UVM/REPORT/SERVER] 
--- UVM Report Summary ---

** Report counts by severity
UVM_INFO :   16
UVM_WARNING :    0
UVM_ERROR :    0
UVM_FATAL :    0
** Report counts by id
[ALU_DRIVER]    10
[RNTST]     1
[SCB_REPORT]     3
[TEST_DONE]     1
[UVM/RELNOTES]     1

=N:[dumpMXD] closing MXD dump
=T:Simulation terminated by $finish at time 105 (C:\Program Files\Altair\DSim\2025.1\uvm\1.2\src\base\uvm_root.svh:517);
Run directory: C:\Users\Caneser\Desktop\ALU_VIP3\sim
  System timescale is 1ns / 1ns
  Altair DSim version: 2025.1.0 (b:R #c:449 h:df8da7d488 os:msys2_)
  Random seed: (defaulted to 1)
